1662743913139	geckodriver	INFO	Listening on 127.0.0.1:49041
1662743913545	mozrunner::runner	INFO	Running command: "/snap/firefox/current/firefox.launcher" "--marionette" "--remote-debugging-port" "55347" "--remote-allow-hosts" "localhost" "-no-remote" "-profile" "/tmp/rust_mozprofileUrhlS6"
Gtk-Message: 14:18:33.649: Failed to load module "canberra-gtk-module"
Gtk-Message: 14:18:33.650: Failed to load module "canberra-gtk-module"
ATTENTION: default value of option mesa_glthread overridden by environment.
ATTENTION: default value of option mesa_glthread overridden by environment.
amdgpu: os_same_file_description couldn't determine if two DRM fds reference the same file description.
If they do, bad things may happen!
1662743914406	Marionette	INFO	Marionette enabled
1662743914411	Marionette	INFO	Listening on port 41771
WebDriver BiDi listening on ws://localhost:55347
Read port: 41771
ATTENTION: default value of option mesa_glthread overridden by environment.
1662743915934	RemoteAgent	WARN	TLS certificate errors will be ignored for this session
console.warn: SearchSettings: "get: No settings file exists, new profile?" (new NotFoundError("Could not open the file at /tmp/rust_mozprofileUrhlS6/search.json.mozlz4", (void 0)))
Missing chrome or resource URL: resource://gre/modules/UpdateListener.sys.mjs
DevTools listening on ws://localhost:55347/devtools/browser/0e81e2b2-71a2-41c6-a2a7-b14607f3154c
console.error: Region.jsm: "Error fetching region" (new Error("TIMEOUT", "resource://gre/modules/Region.jsm", 768))
console.error: Region.jsm: "Failed to fetch region" (new Error("TIMEOUT", "resource://gre/modules/Region.jsm", 420))
JavaScript warning: https://prpi.ifce.edu.br/nl/app_Login/, line 2241: unreachable code after return statement
JavaScript warning: https://prpi.ifce.edu.br/nl/app_Login/, line 2274: unreachable code after return statement
console.error: services.settings: 
  main/query-stripping Signature failed  InvalidSignatureError: Invalid content signature (main/query-stripping)
console.error: services.settings: 
  main/query-stripping local data was corrupted
console.warn: services.settings: main/query-stripping Signature verified failed. Retry from scratch
console.error: services.settings: 
  main/query-stripping Signature failed again InvalidSignatureError: Invalid content signature (main/query-stripping)
JavaScript warning: https://www.youtube.com/s/player/977792fa/player_ias.vflset/en_US/base.js, line 9413: WEBGL_debug_renderer_info is deprecated in Firefox and will be removed. Please use RENDERER.
Missing chrome or resource URL: resource://gre/modules/UpdateListener.sys.mjs
console.error: "Error during quit-application-granted: [Exception... \"File error: Not found\"  nsresult: \"0x80520012 (NS_ERROR_FILE_NOT_FOUND)\"  location: \"JS frame :: resource:///modules/BrowserGlue.jsm :: _onQuitApplicationGranted/tasks< :: line 2013\"  data: no]"
1662743976455	Marionette	INFO	Stopped listening on port 41771
console.warn: TopSitesFeed: Failed to fetch data from Contile server: NetworkError when attempting to fetch resource.
!!! error running onStopped callback: TypeError: callback is not a function
Sandbox: Unexpected EOF, op 0 flags 00 path /proc/cpuinfo
1662745975347	geckodriver	INFO	Listening on 127.0.0.1:32793
1662745975766	mozrunner::runner	INFO	Running command: "/snap/firefox/current/firefox.launcher" "--marionette" "--remote-debugging-port" "49967" "--remote-allow-hosts" "localhost" "-no-remote" "-profile" "/tmp/rust_mozprofilek5ISf0"
Gtk-Message: 14:52:55.877: Failed to load module "canberra-gtk-module"
Gtk-Message: 14:52:55.879: Failed to load module "canberra-gtk-module"
ATTENTION: default value of option mesa_glthread overridden by environment.
ATTENTION: default value of option mesa_glthread overridden by environment.
amdgpu: os_same_file_description couldn't determine if two DRM fds reference the same file description.
If they do, bad things may happen!
1662745976661	Marionette	INFO	Marionette enabled
1662745976666	Marionette	INFO	Listening on port 41777
Read port: 41777
WebDriver BiDi listening on ws://localhost:49967
ATTENTION: default value of option mesa_glthread overridden by environment.
1662745978226	RemoteAgent	WARN	TLS certificate errors will be ignored for this session
console.warn: SearchSettings: "get: No settings file exists, new profile?" (new NotFoundError("Could not open the file at /tmp/rust_mozprofilek5ISf0/search.json.mozlz4", (void 0)))
Missing chrome or resource URL: resource://gre/modules/UpdateListener.sys.mjs
DevTools listening on ws://localhost:49967/devtools/browser/b7b07b8e-b608-4f68-8126-7a9d01ae0268
JavaScript warning: https://prpi.ifce.edu.br/nl/app_Login/, line 2241: unreachable code after return statement
JavaScript warning: https://prpi.ifce.edu.br/nl/app_Login/, line 2274: unreachable code after return statement
JavaScript warning: https://www.youtube.com/s/player/977792fa/player_ias.vflset/en_US/base.js, line 9413: WEBGL_debug_renderer_info is deprecated in Firefox and will be removed. Please use RENDERER.
1662766872863	geckodriver	INFO	Listening on 127.0.0.1:40135
1662766873369	mozrunner::runner	INFO	Running command: "/usr/bin/firefox" "--marionette" "--remote-debugging-port" "57901" "--remote-allow-hosts" "localhost" "-no-remote" "-profile" "/tmp/rust_mozprofileezRpeq"
ATTENTION: default value of option mesa_glthread overridden by environment.
ATTENTION: default value of option mesa_glthread overridden by environment.
ATTENTION: default value of option mesa_glthread overridden by environment.
ATTENTION: default value of option mesa_glthread overridden by environment.
1662766875659	Marionette	INFO	Marionette enabled
1662766875667	Marionette	INFO	Listening on port 34071
Read port: 34071
WebDriver BiDi listening on ws://localhost:57901
1662766875913	RemoteAgent	WARN	TLS certificate errors will be ignored for this session
console.warn: SearchSettings: "get: No settings file exists, new profile?" (new NotFoundError("Could not open the file at /tmp/rust_mozprofileezRpeq/search.json.mozlz4", (void 0)))
DevTools listening on ws://localhost:57901/devtools/browser/39815775-a567-4239-aa3b-7524639bac98
console.error: services.settings: 
  main/query-stripping Signature failed  InvalidSignatureError: Invalid content signature (main/query-stripping)
console.error: services.settings: 
  main/query-stripping local data was corrupted
console.warn: services.settings: main/query-stripping Signature verified failed. Retry from scratch
console.error: services.settings: 
  main/query-stripping Signature failed again InvalidSignatureError: Invalid content signature (main/query-stripping)
JavaScript warning: https://prpi.ifce.edu.br/nl/app_Login/, line 2241: unreachable code after return statement
JavaScript warning: https://prpi.ifce.edu.br/nl/app_Login/, line 2274: unreachable code after return statement
JavaScript warning: https://www.youtube.com/s/player/977792fa/player_ias.vflset/en_US/base.js, line 9413: WEBGL_debug_renderer_info is deprecated in Firefox and will be removed. Please use RENDERER.
1662766889613	Marionette	INFO	Stopped listening on port 34071
console.warn: TopSitesFeed: Failed to fetch data from Contile server: NetworkError when attempting to fetch resource.
1662827818708	geckodriver	INFO	Listening on 127.0.0.1:50521
1662827819215	mozrunner::runner	INFO	Running command: "/usr/bin/firefox" "--marionette" "--remote-debugging-port" "48023" "--remote-allow-hosts" "localhost" "-no-remote" "-profile" "/tmp/rust_mozprofileChkDfd"
ATTENTION: default value of option mesa_glthread overridden by environment.
ATTENTION: default value of option mesa_glthread overridden by environment.
ATTENTION: default value of option mesa_glthread overridden by environment.
ATTENTION: default value of option mesa_glthread overridden by environment.
1662827820331	Marionette	INFO	Marionette enabled
1662827820335	Marionette	INFO	Listening on port 42227
WebDriver BiDi listening on ws://localhost:48023
Read port: 42227
1662827820476	RemoteAgent	WARN	TLS certificate errors will be ignored for this session
console.warn: SearchSettings: "get: No settings file exists, new profile?" (new NotFoundError("Could not open the file at /tmp/rust_mozprofileChkDfd/search.json.mozlz4", (void 0)))
DevTools listening on ws://localhost:48023/devtools/browser/618bf925-abdd-4680-8118-cbe376b32965
console.error: services.settings: 
  main/query-stripping Signature failed  InvalidSignatureError: Invalid content signature (main/query-stripping)
console.error: services.settings: 
  main/query-stripping local data was corrupted
console.warn: services.settings: main/query-stripping Signature verified failed. Retry from scratch
console.error: services.settings: 
  main/query-stripping Signature failed again InvalidSignatureError: Invalid content signature (main/query-stripping)
JavaScript error: resource://gre/modules/URIFixup.jsm, line 292: NS_ERROR_FAILURE: Should pass a non-null uri
1662827836521	Marionette	INFO	Stopped listening on port 42227
console.warn: TopSitesFeed: Failed to fetch data from Contile server: NetworkError when attempting to fetch resource.
1662827969331	geckodriver	INFO	Listening on 127.0.0.1:55539
1662827969336	mozrunner::runner	INFO	Running command: "/usr/bin/firefox" "--marionette" "--remote-debugging-port" "34141" "--remote-allow-hosts" "localhost" "-no-remote" "-profile" "/tmp/rust_mozprofileMXoqX3"
ATTENTION: default value of option mesa_glthread overridden by environment.
ATTENTION: default value of option mesa_glthread overridden by environment.
ATTENTION: default value of option mesa_glthread overridden by environment.
ATTENTION: default value of option mesa_glthread overridden by environment.
1662827970556	Marionette	INFO	Marionette enabled
1662827970564	Marionette	INFO	Listening on port 45239
WebDriver BiDi listening on ws://localhost:34141
Read port: 45239
1662827970714	RemoteAgent	WARN	TLS certificate errors will be ignored for this session
console.warn: SearchSettings: "get: No settings file exists, new profile?" (new NotFoundError("Could not open the file at /tmp/rust_mozprofileMXoqX3/search.json.mozlz4", (void 0)))
DevTools listening on ws://localhost:34141/devtools/browser/c086d176-a945-44fe-a7a8-d48eb8faadff
console.error: services.settings: 
  main/query-stripping Signature failed  InvalidSignatureError: Invalid content signature (main/query-stripping)
console.error: services.settings: 
  main/query-stripping local data was corrupted
console.warn: services.settings: main/query-stripping Signature verified failed. Retry from scratch
console.error: services.settings: 
  main/query-stripping Signature failed again InvalidSignatureError: Invalid content signature (main/query-stripping)
1662827981477	Marionette	INFO	Stopped listening on port 45239
console.warn: TopSitesFeed: Failed to fetch data from Contile server: NetworkError when attempting to fetch resource.
1662828042505	geckodriver	INFO	Listening on 127.0.0.1:39351
1662828042510	mozrunner::runner	INFO	Running command: "/usr/bin/firefox" "--marionette" "--remote-debugging-port" "38711" "--remote-allow-hosts" "localhost" "-no-remote" "-profile" "/tmp/rust_mozprofilevEkh5n"
ATTENTION: default value of option mesa_glthread overridden by environment.
ATTENTION: default value of option mesa_glthread overridden by environment.
ATTENTION: default value of option mesa_glthread overridden by environment.
ATTENTION: default value of option mesa_glthread overridden by environment.
1662828043619	Marionette	INFO	Marionette enabled
1662828043623	Marionette	INFO	Listening on port 40597
WebDriver BiDi listening on ws://localhost:38711
Read port: 40597
1662828043777	RemoteAgent	WARN	TLS certificate errors will be ignored for this session
console.warn: SearchSettings: "get: No settings file exists, new profile?" (new NotFoundError("Could not open the file at /tmp/rust_mozprofilevEkh5n/search.json.mozlz4", (void 0)))
DevTools listening on ws://localhost:38711/devtools/browser/8f6e4b7d-d722-4233-88ce-164133c7d510
console.error: services.settings: 
  main/query-stripping Signature failed  InvalidSignatureError: Invalid content signature (main/query-stripping)
console.error: services.settings: 
  main/query-stripping local data was corrupted
console.warn: services.settings: main/query-stripping Signature verified failed. Retry from scratch
console.error: services.settings: 
  main/query-stripping Signature failed again InvalidSignatureError: Invalid content signature (main/query-stripping)
JavaScript warning: https://prpi.ifce.edu.br/nl/app_Login/, line 2241: unreachable code after return statement
JavaScript warning: https://prpi.ifce.edu.br/nl/app_Login/, line 2274: unreachable code after return statement
JavaScript warning: https://www.youtube.com/s/player/977792fa/player_ias.vflset/en_US/base.js, line 9413: WEBGL_debug_renderer_info is deprecated in Firefox and will be removed. Please use RENDERER.
1662828060831	Marionette	INFO	Stopped listening on port 40597
console.warn: TopSitesFeed: Failed to fetch data from Contile server: NetworkError when attempting to fetch resource.
1662828354876	geckodriver	INFO	Listening on 127.0.0.1:52609
1662828354880	mozrunner::runner	INFO	Running command: "/usr/bin/firefox" "--marionette" "--remote-debugging-port" "43951" "--remote-allow-hosts" "localhost" "-no-remote" "-profile" "/tmp/rust_mozprofileDYCEX5"
ATTENTION: default value of option mesa_glthread overridden by environment.
ATTENTION: default value of option mesa_glthread overridden by environment.
ATTENTION: default value of option mesa_glthread overridden by environment.
ATTENTION: default value of option mesa_glthread overridden by environment.
1662828355752	Marionette	INFO	Marionette enabled
1662828355755	Marionette	INFO	Listening on port 44451
WebDriver BiDi listening on ws://localhost:43951
Read port: 44451
1662828355865	RemoteAgent	WARN	TLS certificate errors will be ignored for this session
console.warn: SearchSettings: "get: No settings file exists, new profile?" (new NotFoundError("Could not open the file at /tmp/rust_mozprofileDYCEX5/search.json.mozlz4", (void 0)))
DevTools listening on ws://localhost:43951/devtools/browser/82d3cf9b-06c6-4db3-b378-d5f4ec756c72
console.error: services.settings: 
  main/query-stripping Signature failed  InvalidSignatureError: Invalid content signature (main/query-stripping)
console.error: services.settings: 
  main/query-stripping local data was corrupted
console.warn: services.settings: main/query-stripping Signature verified failed. Retry from scratch
console.error: services.settings: 
  main/query-stripping Signature failed again InvalidSignatureError: Invalid content signature (main/query-stripping)
JavaScript warning: https://prpi.ifce.edu.br/nl/app_Login/, line 2241: unreachable code after return statement
JavaScript warning: https://prpi.ifce.edu.br/nl/app_Login/, line 2274: unreachable code after return statement
JavaScript warning: https://www.youtube.com/s/player/977792fa/player_ias.vflset/en_US/base.js, line 9413: WEBGL_debug_renderer_info is deprecated in Firefox and will be removed. Please use RENDERER.
console.warn: LoginRecipes: "Falling back to a synchronous message for: https://prpi.ifce.edu.br."
console.warn: LoginRecipes: "Falling back to a synchronous message for: https://prpi.ifce.edu.br."
console.warn: LoginRecipes: "Falling back to a synchronous message for: https://prpi.ifce.edu.br."
1662828379282	Marionette	INFO	Stopped listening on port 44451
console.warn: TopSitesFeed: Failed to fetch data from Contile server: NetworkError when attempting to fetch resource.
1662828470209	geckodriver	INFO	Listening on 127.0.0.1:49213
1662828470721	mozrunner::runner	INFO	Running command: "/usr/bin/firefox" "--marionette" "--remote-debugging-port" "54143" "--remote-allow-hosts" "localhost" "-no-remote" "-profile" "/tmp/rust_mozprofiletBjcVV"
ATTENTION: default value of option mesa_glthread overridden by environment.
ATTENTION: default value of option mesa_glthread overridden by environment.
ATTENTION: default value of option mesa_glthread overridden by environment.
ATTENTION: default value of option mesa_glthread overridden by environment.
1662828471739	Marionette	INFO	Marionette enabled
1662828471742	Marionette	INFO	Listening on port 39289
WebDriver BiDi listening on ws://localhost:54143
Read port: 39289
1662828471866	RemoteAgent	WARN	TLS certificate errors will be ignored for this session
console.warn: SearchSettings: "get: No settings file exists, new profile?" (new NotFoundError("Could not open the file at /tmp/rust_mozprofiletBjcVV/search.json.mozlz4", (void 0)))
DevTools listening on ws://localhost:54143/devtools/browser/055f12ae-95cb-4193-8cef-dc6cc4666ccd
console.error: services.settings: 
  main/query-stripping Signature failed  InvalidSignatureError: Invalid content signature (main/query-stripping)
console.error: services.settings: 
  main/query-stripping local data was corrupted
console.warn: services.settings: main/query-stripping Signature verified failed. Retry from scratch
console.error: services.settings: 
  main/query-stripping Signature failed again InvalidSignatureError: Invalid content signature (main/query-stripping)
JavaScript warning: https://prpi.ifce.edu.br/nl/app_Login/, line 2241: unreachable code after return statement
JavaScript warning: https://prpi.ifce.edu.br/nl/app_Login/, line 2274: unreachable code after return statement
JavaScript warning: https://www.youtube.com/s/player/977792fa/player_ias.vflset/en_US/base.js, line 9413: WEBGL_debug_renderer_info is deprecated in Firefox and will be removed. Please use RENDERER.
console.warn: LoginRecipes: "Falling back to a synchronous message for: https://prpi.ifce.edu.br."
console.warn: LoginRecipes: "Falling back to a synchronous message for: https://prpi.ifce.edu.br."
1662828482672	Marionette	INFO	Stopped listening on port 39289
console.warn: TopSitesFeed: Failed to fetch data from Contile server: NetworkError when attempting to fetch resource.
1662828520559	geckodriver	INFO	Listening on 127.0.0.1:36209
1662828520565	mozrunner::runner	INFO	Running command: "/usr/bin/firefox" "--marionette" "--remote-debugging-port" "37671" "--remote-allow-hosts" "localhost" "-no-remote" "-profile" "/tmp/rust_mozprofileguHoUR"
ATTENTION: default value of option mesa_glthread overridden by environment.
ATTENTION: default value of option mesa_glthread overridden by environment.
ATTENTION: default value of option mesa_glthread overridden by environment.
ATTENTION: default value of option mesa_glthread overridden by environment.
1662828521472	Marionette	INFO	Marionette enabled
1662828521475	Marionette	INFO	Listening on port 42897
WebDriver BiDi listening on ws://localhost:37671
Read port: 42897
1662828521630	RemoteAgent	WARN	TLS certificate errors will be ignored for this session
console.warn: SearchSettings: "get: No settings file exists, new profile?" (new NotFoundError("Could not open the file at /tmp/rust_mozprofileguHoUR/search.json.mozlz4", (void 0)))
DevTools listening on ws://localhost:37671/devtools/browser/084b9fc2-2fd4-4dbc-8665-f0c7a27e48c4
console.error: services.settings: 
  main/query-stripping Signature failed  InvalidSignatureError: Invalid content signature (main/query-stripping)
console.error: services.settings: 
  main/query-stripping local data was corrupted
console.warn: services.settings: main/query-stripping Signature verified failed. Retry from scratch
console.error: services.settings: 
  main/query-stripping Signature failed again InvalidSignatureError: Invalid content signature (main/query-stripping)
JavaScript warning: https://prpi.ifce.edu.br/nl/app_Login/, line 2241: unreachable code after return statement
JavaScript warning: https://prpi.ifce.edu.br/nl/app_Login/, line 2274: unreachable code after return statement
JavaScript warning: https://www.youtube.com/s/player/977792fa/player_ias.vflset/en_US/base.js, line 9413: WEBGL_debug_renderer_info is deprecated in Firefox and will be removed. Please use RENDERER.
console.warn: LoginRecipes: "Falling back to a synchronous message for: https://prpi.ifce.edu.br."
console.warn: LoginRecipes: "Falling back to a synchronous message for: https://prpi.ifce.edu.br."
1662828532955	Marionette	INFO	Stopped listening on port 42897
console.warn: TopSitesFeed: Failed to fetch data from Contile server: NetworkError when attempting to fetch resource.
1662828904982	geckodriver	INFO	Listening on 127.0.0.1:33505
1662828904987	mozrunner::runner	INFO	Running command: "/usr/bin/firefox" "--marionette" "--remote-debugging-port" "49811" "--remote-allow-hosts" "localhost" "-no-remote" "-profile" "/tmp/rust_mozprofile0OKwGF"
ATTENTION: default value of option mesa_glthread overridden by environment.
ATTENTION: default value of option mesa_glthread overridden by environment.
ATTENTION: default value of option mesa_glthread overridden by environment.
ATTENTION: default value of option mesa_glthread overridden by environment.
1662828906092	Marionette	INFO	Marionette enabled
1662828906097	Marionette	INFO	Listening on port 39189
WebDriver BiDi listening on ws://localhost:49811
Read port: 39189
1662828906289	RemoteAgent	WARN	TLS certificate errors will be ignored for this session
console.warn: SearchSettings: "get: No settings file exists, new profile?" (new NotFoundError("Could not open the file at /tmp/rust_mozprofile0OKwGF/search.json.mozlz4", (void 0)))
DevTools listening on ws://localhost:49811/devtools/browser/43ed2aa1-bd6d-41e6-b465-866a41ecea67
console.error: services.settings: 
  main/query-stripping Signature failed  InvalidSignatureError: Invalid content signature (main/query-stripping)
console.error: services.settings: 
  main/query-stripping local data was corrupted
console.warn: services.settings: main/query-stripping Signature verified failed. Retry from scratch
console.error: services.settings: 
  main/query-stripping Signature failed again InvalidSignatureError: Invalid content signature (main/query-stripping)
JavaScript warning: https://prpi.ifce.edu.br/nl/app_Login/, line 2241: unreachable code after return statement
JavaScript warning: https://prpi.ifce.edu.br/nl/app_Login/, line 2274: unreachable code after return statement
JavaScript warning: https://www.youtube.com/s/player/977792fa/player_ias.vflset/en_US/base.js, line 9413: WEBGL_debug_renderer_info is deprecated in Firefox and will be removed. Please use RENDERER.
console.warn: LoginRecipes: "Falling back to a synchronous message for: https://prpi.ifce.edu.br."
console.warn: LoginRecipes: "Falling back to a synchronous message for: https://prpi.ifce.edu.br."
1662828919866	Marionette	INFO	Stopped listening on port 39189
console.warn: TopSitesFeed: Failed to fetch data from Contile server: NetworkError when attempting to fetch resource.
1662886553242	geckodriver	INFO	Listening on 127.0.0.1:54669
1662886553750	mozrunner::runner	INFO	Running command: "/usr/bin/firefox" "--marionette" "--remote-debugging-port" "60911" "--remote-allow-hosts" "localhost" "-no-remote" "-profile" "/tmp/rust_mozprofileLzzsq6"
ATTENTION: default value of option mesa_glthread overridden by environment.
ATTENTION: default value of option mesa_glthread overridden by environment.
ATTENTION: default value of option mesa_glthread overridden by environment.
ATTENTION: default value of option mesa_glthread overridden by environment.
1662886555146	Marionette	INFO	Marionette enabled
1662886555152	Marionette	INFO	Listening on port 39903
Read port: 39903
WebDriver BiDi listening on ws://localhost:60911
1662886555315	RemoteAgent	WARN	TLS certificate errors will be ignored for this session
console.warn: SearchSettings: "get: No settings file exists, new profile?" (new NotFoundError("Could not open the file at /tmp/rust_mozprofileLzzsq6/search.json.mozlz4", (void 0)))
DevTools listening on ws://localhost:60911/devtools/browser/b72ee7c0-53f6-4223-bc99-45eca3e3eaa8
JavaScript warning: https://prpi.ifce.edu.br/nl/app_Login/, line 2241: unreachable code after return statement
JavaScript warning: https://prpi.ifce.edu.br/nl/app_Login/, line 2274: unreachable code after return statement
JavaScript warning: https://www.youtube.com/s/player/977792fa/player_ias.vflset/en_US/base.js, line 9413: WEBGL_debug_renderer_info is deprecated in Firefox and will be removed. Please use RENDERER.
console.warn: LoginRecipes: "Falling back to a synchronous message for: https://prpi.ifce.edu.br."
1662886565895	Marionette	INFO	Stopped listening on port 39903
console.warn: TopSitesFeed: Failed to fetch data from Contile server: NetworkError when attempting to fetch resource.
1662886753164	geckodriver	INFO	Listening on 127.0.0.1:32847
1662886753675	mozrunner::runner	INFO	Running command: "/usr/bin/firefox" "--marionette" "--remote-debugging-port" "45017" "--remote-allow-hosts" "localhost" "-no-remote" "-profile" "/tmp/rust_mozprofileO4dnsB"
ATTENTION: default value of option mesa_glthread overridden by environment.
ATTENTION: default value of option mesa_glthread overridden by environment.
ATTENTION: default value of option mesa_glthread overridden by environment.
ATTENTION: default value of option mesa_glthread overridden by environment.
1662886755208	Marionette	INFO	Marionette enabled
1662886755218	Marionette	INFO	Listening on port 37659
WebDriver BiDi listening on ws://localhost:45017
Read port: 37659
1662886755436	RemoteAgent	WARN	TLS certificate errors will be ignored for this session
console.warn: SearchSettings: "get: No settings file exists, new profile?" (new NotFoundError("Could not open the file at /tmp/rust_mozprofileO4dnsB/search.json.mozlz4", (void 0)))
DevTools listening on ws://localhost:45017/devtools/browser/a372aad3-12a8-4c5b-82f7-8eb0c060d39c
JavaScript warning: https://prpi.ifce.edu.br/nl/app_Login/, line 2241: unreachable code after return statement
JavaScript warning: https://prpi.ifce.edu.br/nl/app_Login/, line 2274: unreachable code after return statement
JavaScript warning: https://www.youtube.com/s/player/977792fa/player_ias.vflset/en_US/base.js, line 9413: WEBGL_debug_renderer_info is deprecated in Firefox and will be removed. Please use RENDERER.
console.warn: LoginRecipes: "Falling back to a synchronous message for: https://prpi.ifce.edu.br."
1662886764739	Marionette	INFO	Stopped listening on port 37659
console.warn: TopSitesFeed: Failed to fetch data from Contile server: NetworkError when attempting to fetch resource.
1662886800279	geckodriver	INFO	Listening on 127.0.0.1:33623
1662886800793	mozrunner::runner	INFO	Running command: "/usr/bin/firefox" "--marionette" "--remote-debugging-port" "42941" "--remote-allow-hosts" "localhost" "-no-remote" "-profile" "/tmp/rust_mozprofileGHw5Ih"
ATTENTION: default value of option mesa_glthread overridden by environment.
ATTENTION: default value of option mesa_glthread overridden by environment.
ATTENTION: default value of option mesa_glthread overridden by environment.
ATTENTION: default value of option mesa_glthread overridden by environment.
1662886802120	Marionette	INFO	Marionette enabled
1662886802126	Marionette	INFO	Listening on port 33501
WebDriver BiDi listening on ws://localhost:42941
Read port: 33501
1662886802290	RemoteAgent	WARN	TLS certificate errors will be ignored for this session
console.warn: SearchSettings: "get: No settings file exists, new profile?" (new NotFoundError("Could not open the file at /tmp/rust_mozprofileGHw5Ih/search.json.mozlz4", (void 0)))
DevTools listening on ws://localhost:42941/devtools/browser/140c9bab-fd12-470c-9e39-f1a04d7f8085
JavaScript warning: https://prpi.ifce.edu.br/nl/app_Login/, line 2241: unreachable code after return statement
JavaScript warning: https://prpi.ifce.edu.br/nl/app_Login/, line 2274: unreachable code after return statement
JavaScript warning: https://www.youtube.com/s/player/977792fa/player_ias.vflset/en_US/base.js, line 9413: WEBGL_debug_renderer_info is deprecated in Firefox and will be removed. Please use RENDERER.
console.warn: LoginRecipes: "Falling back to a synchronous message for: https://prpi.ifce.edu.br."
1662886814638	Marionette	INFO	Stopped listening on port 33501
console.warn: TopSitesFeed: Failed to fetch data from Contile server: NetworkError when attempting to fetch resource.
1662886834059	geckodriver	INFO	Listening on 127.0.0.1:57677
1662886834066	mozrunner::runner	INFO	Running command: "/usr/bin/firefox" "--marionette" "--remote-debugging-port" "55681" "--remote-allow-hosts" "localhost" "-no-remote" "-profile" "/tmp/rust_mozprofilet0eWuX"
ATTENTION: default value of option mesa_glthread overridden by environment.
ATTENTION: default value of option mesa_glthread overridden by environment.
ATTENTION: default value of option mesa_glthread overridden by environment.
ATTENTION: default value of option mesa_glthread overridden by environment.
1662886835337	Marionette	INFO	Marionette enabled
1662886835342	Marionette	INFO	Listening on port 36147
WebDriver BiDi listening on ws://localhost:55681
Read port: 36147
1662886835516	RemoteAgent	WARN	TLS certificate errors will be ignored for this session
console.warn: SearchSettings: "get: No settings file exists, new profile?" (new NotFoundError("Could not open the file at /tmp/rust_mozprofilet0eWuX/search.json.mozlz4", (void 0)))
DevTools listening on ws://localhost:55681/devtools/browser/fadbb4f0-c9a3-4b64-9f48-be32c065d022
JavaScript warning: https://prpi.ifce.edu.br/nl/app_Login/, line 2241: unreachable code after return statement
JavaScript warning: https://prpi.ifce.edu.br/nl/app_Login/, line 2274: unreachable code after return statement
JavaScript warning: https://www.youtube.com/s/player/977792fa/player_ias.vflset/en_US/base.js, line 9413: WEBGL_debug_renderer_info is deprecated in Firefox and will be removed. Please use RENDERER.
console.warn: LoginRecipes: "Falling back to a synchronous message for: https://prpi.ifce.edu.br."
1662886845777	Marionette	INFO	Stopped listening on port 36147
console.warn: TopSitesFeed: Failed to fetch data from Contile server: NetworkError when attempting to fetch resource.
1662886971527	geckodriver	INFO	Listening on 127.0.0.1:48747
1662886971532	mozrunner::runner	INFO	Running command: "/usr/bin/firefox" "--marionette" "--remote-debugging-port" "42437" "--remote-allow-hosts" "localhost" "-no-remote" "-profile" "/tmp/rust_mozprofile2uTElG"
ATTENTION: default value of option mesa_glthread overridden by environment.
ATTENTION: default value of option mesa_glthread overridden by environment.
ATTENTION: default value of option mesa_glthread overridden by environment.
ATTENTION: default value of option mesa_glthread overridden by environment.
1662886972853	Marionette	INFO	Marionette enabled
1662886972865	Marionette	INFO	Listening on port 34687
WebDriver BiDi listening on ws://localhost:42437
Read port: 34687
1662886973112	RemoteAgent	WARN	TLS certificate errors will be ignored for this session
console.warn: SearchSettings: "get: No settings file exists, new profile?" (new NotFoundError("Could not open the file at /tmp/rust_mozprofile2uTElG/search.json.mozlz4", (void 0)))
DevTools listening on ws://localhost:42437/devtools/browser/af341faa-aab0-4608-90b7-721ad9574492
1662886986335	Marionette	INFO	Stopped listening on port 34687
console.warn: TopSitesFeed: Failed to fetch data from Contile server: NetworkError when attempting to fetch resource.
1662887090498	geckodriver	INFO	Listening on 127.0.0.1:59581
1662887091013	mozrunner::runner	INFO	Running command: "/usr/bin/firefox" "--marionette" "--remote-debugging-port" "57019" "--remote-allow-hosts" "localhost" "-no-remote" "-profile" "/tmp/rust_mozprofileGMMNij"
ATTENTION: default value of option mesa_glthread overridden by environment.
ATTENTION: default value of option mesa_glthread overridden by environment.
ATTENTION: default value of option mesa_glthread overridden by environment.
ATTENTION: default value of option mesa_glthread overridden by environment.
1662887092140	Marionette	INFO	Marionette enabled
1662887092146	Marionette	INFO	Listening on port 44679
WebDriver BiDi listening on ws://localhost:57019
Read port: 44679
1662887092299	RemoteAgent	WARN	TLS certificate errors will be ignored for this session
console.warn: SearchSettings: "get: No settings file exists, new profile?" (new NotFoundError("Could not open the file at /tmp/rust_mozprofileGMMNij/search.json.mozlz4", (void 0)))
DevTools listening on ws://localhost:57019/devtools/browser/b6f4cf95-2580-41ac-afec-7b952e1427a0
JavaScript warning: https://prpi.ifce.edu.br/nl/app_Login/, line 2241: unreachable code after return statement
JavaScript warning: https://prpi.ifce.edu.br/nl/app_Login/, line 2274: unreachable code after return statement
JavaScript warning: https://www.youtube.com/s/player/977792fa/player_ias.vflset/en_US/base.js, line 9413: WEBGL_debug_renderer_info is deprecated in Firefox and will be removed. Please use RENDERER.
console.warn: LoginRecipes: "Falling back to a synchronous message for: https://prpi.ifce.edu.br."
1662887101926	Marionette	INFO	Stopped listening on port 44679
console.warn: TopSitesFeed: Failed to fetch data from Contile server: NetworkError when attempting to fetch resource.
1662887164816	geckodriver	INFO	Listening on 127.0.0.1:45377
1662887164821	mozrunner::runner	INFO	Running command: "/usr/bin/firefox" "--marionette" "--remote-debugging-port" "35783" "--remote-allow-hosts" "localhost" "-no-remote" "-profile" "/tmp/rust_mozprofile5XOTnc"
ATTENTION: default value of option mesa_glthread overridden by environment.
ATTENTION: default value of option mesa_glthread overridden by environment.
ATTENTION: default value of option mesa_glthread overridden by environment.
ATTENTION: default value of option mesa_glthread overridden by environment.
1662887165813	Marionette	INFO	Marionette enabled
1662887165817	Marionette	INFO	Listening on port 35109
Read port: 35109
WebDriver BiDi listening on ws://localhost:35783
1662887165953	RemoteAgent	WARN	TLS certificate errors will be ignored for this session
console.warn: SearchSettings: "get: No settings file exists, new profile?" (new NotFoundError("Could not open the file at /tmp/rust_mozprofile5XOTnc/search.json.mozlz4", (void 0)))
DevTools listening on ws://localhost:35783/devtools/browser/92a25cf9-c2f5-44c1-a34a-529bd86904ae
JavaScript warning: https://prpi.ifce.edu.br/nl/app_Login/, line 2241: unreachable code after return statement
JavaScript warning: https://prpi.ifce.edu.br/nl/app_Login/, line 2274: unreachable code after return statement
JavaScript warning: https://www.youtube.com/s/player/977792fa/player_ias.vflset/en_US/base.js, line 9413: WEBGL_debug_renderer_info is deprecated in Firefox and will be removed. Please use RENDERER.
console.warn: LoginRecipes: "Falling back to a synchronous message for: https://prpi.ifce.edu.br."
1662887178224	Marionette	INFO	Stopped listening on port 35109
console.warn: TopSitesFeed: Failed to fetch data from Contile server: NetworkError when attempting to fetch resource.
1662937296869	geckodriver	INFO	Listening on 127.0.0.1:48267
1662937297376	mozrunner::runner	INFO	Running command: "/usr/bin/firefox" "--marionette" "--remote-debugging-port" "51449" "--remote-allow-hosts" "localhost" "-no-remote" "-profile" "/tmp/rust_mozprofile597m5m"
ATTENTION: default value of option mesa_glthread overridden by environment.
ATTENTION: default value of option mesa_glthread overridden by environment.
ATTENTION: default value of option mesa_glthread overridden by environment.
ATTENTION: default value of option mesa_glthread overridden by environment.
1662937298402	Marionette	INFO	Marionette enabled
1662937298406	Marionette	INFO	Listening on port 34009
WebDriver BiDi listening on ws://localhost:51449
Read port: 34009
1662937298558	RemoteAgent	WARN	TLS certificate errors will be ignored for this session
console.warn: SearchSettings: "get: No settings file exists, new profile?" (new NotFoundError("Could not open the file at /tmp/rust_mozprofile597m5m/search.json.mozlz4", (void 0)))
console.error: services.settings: 
  main/query-stripping Signature failed  InvalidSignatureError: Invalid content signature (main/query-stripping)
console.error: services.settings: 
  main/query-stripping local data was corrupted
console.warn: services.settings: main/query-stripping Signature verified failed. Retry from scratch
console.error: services.settings: 
  main/query-stripping Signature failed again InvalidSignatureError: Invalid content signature (main/query-stripping)
DevTools listening on ws://localhost:51449/devtools/browser/dea87bac-ca78-4672-8209-494a4cf322dc
JavaScript warning: https://prpi.ifce.edu.br/nl/app_Login/, line 2241: unreachable code after return statement
JavaScript warning: https://prpi.ifce.edu.br/nl/app_Login/, line 2274: unreachable code after return statement
JavaScript warning: https://www.youtube.com/s/player/977792fa/player_ias.vflset/en_US/base.js, line 9413: WEBGL_debug_renderer_info is deprecated in Firefox and will be removed. Please use RENDERER.
console.warn: LoginRecipes: "Falling back to a synchronous message for: https://prpi.ifce.edu.br."
1662937311229	Marionette	INFO	Stopped listening on port 34009
console.warn: TopSitesFeed: Failed to fetch data from Contile server: NetworkError when attempting to fetch resource.
1662937443947	geckodriver	INFO	Listening on 127.0.0.1:53571
1662937443951	mozrunner::runner	INFO	Running command: "/usr/bin/firefox" "--marionette" "--remote-debugging-port" "49341" "--remote-allow-hosts" "localhost" "-no-remote" "-profile" "/tmp/rust_mozprofilev6n8cW"
ATTENTION: default value of option mesa_glthread overridden by environment.
ATTENTION: default value of option mesa_glthread overridden by environment.
ATTENTION: default value of option mesa_glthread overridden by environment.
ATTENTION: default value of option mesa_glthread overridden by environment.
1662937444765	Marionette	INFO	Marionette enabled
1662937444772	Marionette	INFO	Listening on port 37719
WebDriver BiDi listening on ws://localhost:49341
Read port: 37719
1662937444923	RemoteAgent	WARN	TLS certificate errors will be ignored for this session
console.warn: SearchSettings: "get: No settings file exists, new profile?" (new NotFoundError("Could not open the file at /tmp/rust_mozprofilev6n8cW/search.json.mozlz4", (void 0)))
DevTools listening on ws://localhost:49341/devtools/browser/31a02e72-b66e-4c3d-b4eb-590300f6fec2
console.error: services.settings: 
  main/query-stripping Signature failed  InvalidSignatureError: Invalid content signature (main/query-stripping)
console.error: services.settings: 
  main/query-stripping local data was corrupted
console.warn: services.settings: main/query-stripping Signature verified failed. Retry from scratch
console.error: services.settings: 
  main/query-stripping Signature failed again InvalidSignatureError: Invalid content signature (main/query-stripping)
JavaScript warning: https://prpi.ifce.edu.br/nl/app_Login/, line 2241: unreachable code after return statement
JavaScript warning: https://prpi.ifce.edu.br/nl/app_Login/, line 2274: unreachable code after return statement
JavaScript warning: https://www.youtube.com/s/player/977792fa/player_ias.vflset/en_US/base.js, line 9413: WEBGL_debug_renderer_info is deprecated in Firefox and will be removed. Please use RENDERER.
console.warn: LoginRecipes: "Falling back to a synchronous message for: https://prpi.ifce.edu.br."
1662937453636	Marionette	INFO	Stopped listening on port 37719
console.warn: TopSitesFeed: Failed to fetch data from Contile server: NetworkError when attempting to fetch resource.
1662937487431	geckodriver	INFO	Listening on 127.0.0.1:34605
1662937487436	mozrunner::runner	INFO	Running command: "/usr/bin/firefox" "--marionette" "--remote-debugging-port" "43737" "--remote-allow-hosts" "localhost" "-no-remote" "-profile" "/tmp/rust_mozprofile4oc8RC"
ATTENTION: default value of option mesa_glthread overridden by environment.
ATTENTION: default value of option mesa_glthread overridden by environment.
ATTENTION: default value of option mesa_glthread overridden by environment.
ATTENTION: default value of option mesa_glthread overridden by environment.
1662937488310	Marionette	INFO	Marionette enabled
1662937488314	Marionette	INFO	Listening on port 38631
WebDriver BiDi listening on ws://localhost:43737
Read port: 38631
1662937488417	RemoteAgent	WARN	TLS certificate errors will be ignored for this session
console.warn: SearchSettings: "get: No settings file exists, new profile?" (new NotFoundError("Could not open the file at /tmp/rust_mozprofile4oc8RC/search.json.mozlz4", (void 0)))
console.error: services.settings: 
  main/query-stripping Signature failed  InvalidSignatureError: Invalid content signature (main/query-stripping)
console.error: services.settings: 
  main/query-stripping local data was corrupted
console.warn: services.settings: main/query-stripping Signature verified failed. Retry from scratch
console.error: services.settings: 
  main/query-stripping Signature failed again InvalidSignatureError: Invalid content signature (main/query-stripping)
DevTools listening on ws://localhost:43737/devtools/browser/74a7c7da-2b0e-437d-86a0-a8aa44826c6d
JavaScript warning: https://prpi.ifce.edu.br/nl/app_Login/, line 2241: unreachable code after return statement
JavaScript warning: https://prpi.ifce.edu.br/nl/app_Login/, line 2274: unreachable code after return statement
JavaScript warning: https://www.youtube.com/s/player/977792fa/player_ias.vflset/en_US/base.js, line 9413: WEBGL_debug_renderer_info is deprecated in Firefox and will be removed. Please use RENDERER.
console.warn: LoginRecipes: "Falling back to a synchronous message for: https://prpi.ifce.edu.br."
1662937496861	Marionette	INFO	Stopped listening on port 38631
console.warn: TopSitesFeed: Failed to fetch data from Contile server: NetworkError when attempting to fetch resource.
1662937572613	geckodriver	INFO	Listening on 127.0.0.1:41623
1662937572618	mozrunner::runner	INFO	Running command: "/usr/bin/firefox" "--marionette" "--remote-debugging-port" "33633" "--remote-allow-hosts" "localhost" "-no-remote" "-profile" "/tmp/rust_mozprofilenEjv8z"
ATTENTION: default value of option mesa_glthread overridden by environment.
ATTENTION: default value of option mesa_glthread overridden by environment.
ATTENTION: default value of option mesa_glthread overridden by environment.
ATTENTION: default value of option mesa_glthread overridden by environment.
1662937573389	Marionette	INFO	Marionette enabled
1662937573393	Marionette	INFO	Listening on port 32849
WebDriver BiDi listening on ws://localhost:33633
Read port: 32849
1662937573520	RemoteAgent	WARN	TLS certificate errors will be ignored for this session
console.warn: SearchSettings: "get: No settings file exists, new profile?" (new NotFoundError("Could not open the file at /tmp/rust_mozprofilenEjv8z/search.json.mozlz4", (void 0)))
console.error: services.settings: 
  main/query-stripping Signature failed  InvalidSignatureError: Invalid content signature (main/query-stripping)
console.error: services.settings: 
  main/query-stripping local data was corrupted
console.warn: services.settings: main/query-stripping Signature verified failed. Retry from scratch
console.error: services.settings: 
  main/query-stripping Signature failed again InvalidSignatureError: Invalid content signature (main/query-stripping)
DevTools listening on ws://localhost:33633/devtools/browser/c7102834-ac44-4150-87dc-f0cd5f3a8c7a
JavaScript warning: https://prpi.ifce.edu.br/nl/app_Login/, line 2241: unreachable code after return statement
JavaScript warning: https://prpi.ifce.edu.br/nl/app_Login/, line 2274: unreachable code after return statement
JavaScript warning: https://www.youtube.com/s/player/977792fa/player_ias.vflset/en_US/base.js, line 9413: WEBGL_debug_renderer_info is deprecated in Firefox and will be removed. Please use RENDERER.
console.warn: LoginRecipes: "Falling back to a synchronous message for: https://prpi.ifce.edu.br."
1662937583669	Marionette	INFO	Stopped listening on port 32849
console.warn: TopSitesFeed: Failed to fetch data from Contile server: NetworkError when attempting to fetch resource.
